E:\ZHANGXIANHUI\VSPROJ\LIBADO3A\DEBUG\LIBADO3A.DLL
E:\zhangxianhui\VsProj\libado3a\Debug\libado3a.exp
E:\ZHANGXIANHUI\VSPROJ\LIBADO3A\DEBUG\LIBADO3A.ILK
E:\ZHANGXIANHUI\VSPROJ\LIBADO3A\DEBUG\LIBADO3A.LIB
E:\ZHANGXIANHUI\VSPROJ\LIBADO3A\DEBUG\LIBADO3A.PDB
E:\ZHANGXIANHUI\VSPROJ\LIBADO3A\LIBADO3A\DEBUG\ADO.OBJ
E:\ZHANGXIANHUI\VSPROJ\LIBADO3A\LIBADO3A\DEBUG\ADO3A.OBJ
E:\zhangxianhui\VsProj\libado3a\libado3a\Debug\cl.command.1.tlog
E:\zhangxianhui\VsProj\libado3a\libado3a\Debug\CL.read.1.tlog
E:\zhangxianhui\VsProj\libado3a\libado3a\Debug\CL.write.1.tlog
E:\ZHANGXIANHUI\VSPROJ\LIBADO3A\LIBADO3A\DEBUG\DLLMAIN.OBJ
E:\zhangxianhui\VsProj\libado3a\libado3a\Debug\lib.command.1.tlog
E:\ZHANGXIANHUI\VSPROJ\LIBADO3A\LIBADO3A\DEBUG\LIBADO3A.DLL.EMBED.MANIFEST
E:\ZHANGXIANHUI\VSPROJ\LIBADO3A\LIBADO3A\DEBUG\LIBADO3A.DLL.EMBED.MANIFEST.RES
E:\ZHANGXIANHUI\VSPROJ\LIBADO3A\LIBADO3A\DEBUG\LIBADO3A.DLL.INTERMEDIATE.MANIFEST
E:\ZHANGXIANHUI\VSPROJ\LIBADO3A\LIBADO3A\DEBUG\LIBADO3A.OBJ
E:\ZHANGXIANHUI\VSPROJ\LIBADO3A\LIBADO3A\DEBUG\LIBADO3A.PCH
E:\zhangxianhui\VsProj\libado3a\libado3a\Debug\libado3a.write.1.tlog
E:\zhangxianhui\VsProj\libado3a\libado3a\Debug\libado3a_manifest.rc
E:\zhangxianhui\VsProj\libado3a\libado3a\Debug\Lib-link.read.1.tlog
E:\zhangxianhui\VsProj\libado3a\libado3a\Debug\Lib-link.write.1.tlog
E:\zhangxianhui\VsProj\libado3a\libado3a\Debug\link.10728.read.1.tlog
E:\zhangxianhui\VsProj\libado3a\libado3a\Debug\link.10728.read.2.tlog
E:\zhangxianhui\VsProj\libado3a\libado3a\Debug\link.10728.write.1.tlog
E:\zhangxianhui\VsProj\libado3a\libado3a\Debug\link.10728-cvtres.read.1.tlog
E:\zhangxianhui\VsProj\libado3a\libado3a\Debug\link.10728-cvtres.write.1.tlog
E:\zhangxianhui\VsProj\libado3a\libado3a\Debug\link.10848.read.1.tlog
E:\zhangxianhui\VsProj\libado3a\libado3a\Debug\link.10848.write.1.tlog
E:\zhangxianhui\VsProj\libado3a\libado3a\Debug\link.10848-cvtres.read.1.tlog
E:\zhangxianhui\VsProj\libado3a\libado3a\Debug\link.10848-cvtres.write.1.tlog
E:\zhangxianhui\VsProj\libado3a\libado3a\Debug\link.9796.read.1.tlog
E:\zhangxianhui\VsProj\libado3a\libado3a\Debug\link.9796.read.2.tlog
E:\zhangxianhui\VsProj\libado3a\libado3a\Debug\link.9796.write.1.tlog
E:\zhangxianhui\VsProj\libado3a\libado3a\Debug\link.9796-cvtres.read.1.tlog
E:\zhangxianhui\VsProj\libado3a\libado3a\Debug\link.9796-cvtres.write.1.tlog
E:\zhangxianhui\VsProj\libado3a\libado3a\Debug\link.command.1.tlog
E:\zhangxianhui\VsProj\libado3a\libado3a\Debug\link.read.1.tlog
E:\zhangxianhui\VsProj\libado3a\libado3a\Debug\link.read.2.tlog
E:\zhangxianhui\VsProj\libado3a\libado3a\Debug\link.write.1.tlog
E:\zhangxianhui\VsProj\libado3a\libado3a\Debug\link-cvtres.read.1.tlog
E:\zhangxianhui\VsProj\libado3a\libado3a\Debug\link-cvtres.write.1.tlog
E:\ZHANGXIANHUI\VSPROJ\LIBADO3A\LIBADO3A\DEBUG\LOG.OBJ
E:\zhangxianhui\VsProj\libado3a\libado3a\Debug\msado15.tlh
E:\zhangxianhui\VsProj\libado3a\libado3a\Debug\msado15.tli
E:\zhangxianhui\VsProj\libado3a\libado3a\Debug\mt.command.1.tlog
E:\zhangxianhui\VsProj\libado3a\libado3a\Debug\mt.read.1.tlog
E:\zhangxianhui\VsProj\libado3a\libado3a\Debug\mt.write.1.tlog
E:\zhangxianhui\VsProj\libado3a\libado3a\Debug\rc.command.1.tlog
E:\zhangxianhui\VsProj\libado3a\libado3a\Debug\rc.read.1.tlog
E:\zhangxianhui\VsProj\libado3a\libado3a\Debug\rc.write.1.tlog
E:\ZHANGXIANHUI\VSPROJ\LIBADO3A\LIBADO3A\DEBUG\STDAFX.OBJ
E:\zhangxianhui\VsProj\libado3a\libado3a\Debug\vc100.idb
E:\ZHANGXIANHUI\VSPROJ\LIBADO3A\LIBADO3A\DEBUG\VC100.PDB
